  app.c
c:\z88dk\include\_development\sdcc\stdio.h(66): error C2061: syntax error: identifier '__z88dk_callee'
c:\z88dk\include\_development\sdcc\stdio.h(66): error C2059: syntax error: ';'
c:\z88dk\include\_development\sdcc\stdio.h(74): error C2061: syntax error: identifier '__z88dk_fastcall'
c:\z88dk\include\_development\sdcc\stdio.h(74): error C2059: syntax error: ';'
c:\z88dk\include\_development\sdcc\stdio.h(79): error C2061: syntax error: identifier '__z88dk_fastcall'
c:\z88dk\include\_development\sdcc\stdio.h(79): error C2059: syntax error: ';'
c:\z88dk\include\_development\sdcc\stdio.h(84): error C2061: syntax error: identifier '__z88dk_callee'
c:\z88dk\include\_development\sdcc\stdio.h(84): error C2059: syntax error: ';'
c:\z88dk\include\_development\sdcc\stdio.h(89): error C2061: syntax error: identifier '__z88dk_fastcall'
c:\z88dk\include\_development\sdcc\stdio.h(89): error C2059: syntax error: ';'
c:\z88dk\include\_development\sdcc\stdio.h(94): error C2061: syntax error: identifier '__z88dk_fastcall'
c:\z88dk\include\_development\sdcc\stdio.h(94): error C2059: syntax error: ';'
c:\z88dk\include\_development\sdcc\stdio.h(99): error C2061: syntax error: identifier '__z88dk_fastcall'
c:\z88dk\include\_development\sdcc\stdio.h(99): error C2059: syntax error: ';'
c:\z88dk\include\_development\sdcc\stdio.h(104): error C2061: syntax error: identifier '__z88dk_fastcall'
c:\z88dk\include\_development\sdcc\stdio.h(104): error C2059: syntax error: ';'
c:\z88dk\include\_development\sdcc\stdio.h(109): error C2061: syntax error: identifier '__z88dk_callee'
c:\z88dk\include\_development\sdcc\stdio.h(109): error C2059: syntax error: ';'
c:\z88dk\include\_development\sdcc\stdio.h(114): error C2061: syntax error: identifier '__z88dk_callee'
c:\z88dk\include\_development\sdcc\stdio.h(114): error C2059: syntax error: ';'
c:\z88dk\include\_development\sdcc\stdio.h(119): error C2061: syntax error: identifier '__z88dk_fastcall'
c:\z88dk\include\_development\sdcc\stdio.h(119): error C2059: syntax error: ';'
c:\z88dk\include\_development\sdcc\stdio.h(124): error C2061: syntax error: identifier '__z88dk_fastcall'
c:\z88dk\include\_development\sdcc\stdio.h(124): error C2059: syntax error: ';'
c:\z88dk\include\_development\sdcc\stdio.h(129): error C2061: syntax error: identifier '__z88dk_callee'
c:\z88dk\include\_development\sdcc\stdio.h(129): error C2059: syntax error: ';'
c:\z88dk\include\_development\sdcc\stdio.h(134): error C2061: syntax error: identifier '__z88dk_callee'
c:\z88dk\include\_development\sdcc\stdio.h(134): error C2059: syntax error: ';'
c:\z88dk\include\_development\sdcc\stdio.h(142): error C2061: syntax error: identifier '__z88dk_callee'
c:\z88dk\include\_development\sdcc\stdio.h(142): error C2059: syntax error: ';'
c:\z88dk\include\_development\sdcc\stdio.h(147): error C2061: syntax error: identifier '__z88dk_callee'
c:\z88dk\include\_development\sdcc\stdio.h(147): error C2059: syntax error: ';'
c:\z88dk\include\_development\sdcc\stdio.h(152): error C2061: syntax error: identifier '__z88dk_callee'
c:\z88dk\include\_development\sdcc\stdio.h(152): error C2059: syntax error: ';'
c:\z88dk\include\_development\sdcc\stdio.h(157): error C2061: syntax error: identifier '__z88dk_callee'
c:\z88dk\include\_development\sdcc\stdio.h(157): error C2059: syntax error: ';'
c:\z88dk\include\_development\sdcc\stdio.h(165): error C2061: syntax error: identifier '__z88dk_callee'
c:\z88dk\include\_development\sdcc\stdio.h(165): error C2059: syntax error: ';'
c:\z88dk\include\_development\sdcc\stdio.h(170): error C2061: syntax error: identifier '__z88dk_callee'
c:\z88dk\include\_development\sdcc\stdio.h(170): error C2059: syntax error: ';'
c:\z88dk\include\_development\sdcc\stdio.h(175): error C2061: syntax error: identifier '__z88dk_fastcall'
c:\z88dk\include\_development\sdcc\stdio.h(175): error C2059: syntax error: ';'
c:\z88dk\include\_development\sdcc\stdio.h(180): error C2061: syntax error: identifier '__z88dk_fastcall'
c:\z88dk\include\_development\sdcc\stdio.h(180): error C2059: syntax error: ';'
c:\z88dk\include\_development\sdcc\stdio.h(185): error C2061: syntax error: identifier '__z88dk_fastcall'
c:\z88dk\include\_development\sdcc\stdio.h(185): error C2059: syntax error: ';'
c:\z88dk\include\_development\sdcc\stdio.h(190): error C2061: syntax error: identifier '__z88dk_callee'
c:\z88dk\include\_development\sdcc\stdio.h(190): error C2059: syntax error: ';'
c:\z88dk\include\_development\sdcc\stdio.h(195): error C2061: syntax error: identifier '__z88dk_fastcall'
c:\z88dk\include\_development\sdcc\stdio.h(195): error C2059: syntax error: ';'
c:\z88dk\include\_development\sdcc\stdio.h(202): error C2061: syntax error: identifier '__z88dk_callee'
c:\z88dk\include\_development\sdcc\stdio.h(202): error C2059: syntax error: ';'
c:\z88dk\include\_development\sdcc\stdio.h(207): error C2061: syntax error: identifier '__z88dk_callee'
c:\z88dk\include\_development\sdcc\stdio.h(207): error C2059: syntax error: ';'
c:\z88dk\include\_development\sdcc\stdio.h(212): error C2061: syntax error: identifier '__z88dk_fastcall'
c:\z88dk\include\_development\sdcc\stdio.h(212): error C2059: syntax error: ';'
c:\z88dk\include\_development\sdcc\stdio.h(220): error C2061: syntax error: identifier '__z88dk_callee'
c:\z88dk\include\_development\sdcc\stdio.h(220): error C2059: syntax error: ';'
c:\z88dk\include\_development\sdcc\stdio.h(225): error C2061: syntax error: identifier '__z88dk_callee'
c:\z88dk\include\_development\sdcc\stdio.h(225): error C2059: syntax error: ';'
c:\z88dk\include\_development\sdcc\stdio.h(230): error C2061: syntax error: identifier '__z88dk_fastcall'
c:\z88dk\include\_development\sdcc\stdio.h(230): error C2059: syntax error: ';'
c:\z88dk\include\_development\sdcc\stdio.h(238): error C2061: syntax error: identifier '__z88dk_callee'
c:\z88dk\include\_development\sdcc\stdio.h(238): error C2059: syntax error: ';'
c:\z88dk\include\_development\sdcc\stdio.h(243): error C2061: syntax error: identifier '__z88dk_fastcall'
c:\z88dk\include\_development\sdcc\stdio.h(243): error C2059: syntax error: ';'
c:\z88dk\include\_development\sdcc\stdio.h(248): error C2061: syntax error: identifier '__z88dk_fastcall'
c:\z88dk\include\_development\sdcc\stdio.h(248): error C2059: syntax error: ';'
c:\z88dk\include\_development\sdcc\stdio.h(253): error C2061: syntax error: identifier '__z88dk_fastcall'
c:\z88dk\include\_development\sdcc\stdio.h(253): error C2059: syntax error: ';'
c:\z88dk\include\_development\sdcc\stdio.h(270): error C2061: syntax error: identifier '__z88dk_callee'
c:\z88dk\include\_development\sdcc\stdio.h(270): error C2059: syntax error: ';'
c:\z88dk\include\_development\sdcc\stdio.h(275): error C2061: syntax error: identifier '__z88dk_callee'
c:\z88dk\include\_development\sdcc\stdio.h(275): error C2059: syntax error: ';'
c:\z88dk\include\_development\sdcc\stdio.h(280): error C2061: syntax error: identifier '__z88dk_callee'
c:\z88dk\include\_development\sdcc\stdio.h(280): error C2059: syntax error: ';'
c:\z88dk\include\_development\sdcc\stdio.h(285): error C2061: syntax error: identifier '__z88dk_callee'
c:\z88dk\include\_development\sdcc\stdio.h(285): error C2059: syntax error: ';'
c:\z88dk\include\_development\sdcc\stdio.h(290): error C2061: syntax error: identifier '__z88dk_callee'
c:\z88dk\include\_development\sdcc\stdio.h(290): error C2059: syntax error: ';'
c:\z88dk\include\_development\sdcc\stdio.h(295): error C2061: syntax error: identifier '__z88dk_callee'
c:\z88dk\include\_development\sdcc\stdio.h(295): error C2059: syntax error: ';'
c:\z88dk\include\_development\sdcc\stdio.h(300): error C2061: syntax error: identifier '__z88dk_callee'
c:\z88dk\include\_development\sdcc\stdio.h(300): error C2059: syntax error: ';'
c:\z88dk\include\_development\sdcc\stdio.h(305): error C2061: syntax error: identifier '__z88dk_callee'
c:\z88dk\include\_development\sdcc\stdio.h(305): error C2059: syntax error: ';'
c:\z88dk\include\_development\sdcc\stdio.h(310): error C2061: syntax error: identifier '__z88dk_callee'
c:\z88dk\include\_development\sdcc\stdio.h(310): error C2059: syntax error: ';'
c:\z88dk\include\_development\sdcc\stdio.h(315): error C2061: syntax error: identifier '__preserves_regs'
c:\z88dk\include\_development\sdcc\stdio.h(315): error C2059: syntax error: ';'
c:\z88dk\include\_development\sdcc\stdio.h(315): error C2143: syntax error: missing ')' before ','
c:\z88dk\include\_development\sdcc\stdio.h(315): error C2059: syntax error: ')'
c:\z88dk\include\_development\sdcc\stdio.h(316): error C2061: syntax error: identifier '__preserves_regs'
c:\z88dk\include\_development\sdcc\stdio.h(316): error C2059: syntax error: ';'
c:\z88dk\include\_development\sdcc\stdio.h(316): error C2143: syntax error: missing ')' before ','
c:\z88dk\include\_development\sdcc\stdio.h(316): error C2059: syntax error: ')'
c:\z88dk\include\_development\sdcc\stdio.h(316): error C2146: syntax error: missing ';' before identifier '__z88dk_fastcall'
c:\z88dk\include\_development\sdcc\stdio.h(321): error C2061: syntax error: identifier '__z88dk_fastcall'
c:\z88dk\include\_development\sdcc\stdio.h(321): error C2059: syntax error: ';'
c:\z88dk\include\_development\sdcc\stdio.h(325): error C2061: syntax error: identifier '__preserves_regs'
c:\z88dk\include\_development\sdcc\stdio.h(325): error C2059: syntax error: ';'
c:\z88dk\include\_development\sdcc\stdio.h(325): fatal error C1003: error count exceeds 100; stopping compilation
